<?xml version="1.0" encoding="UTF-8" ?>
<testsuite errors="1" failures="0" hostname="ethanrae" name="source.Excel_ExporterTest" skipped="0" tests="1" time="8.089" timestamp="2014-05-12T05:00:07">
  <properties>
[...]
</properties>
  <testcase classname="source.Excel_ExporterTest" name="testFillData" time="0.08">
    <error type="java.lang.NullPointerException">java.lang.NullPointerException
	at source.Excel_Exporter.fillData(Excel_Exporter.java:17)
	at source.Excel_ExporterTest.testFillData(Excel_ExporterTest.java:41)
</error>
  </testcase>
  <system-out><![CDATA[Server Started
fillData
]]></system-out>
  <system-err><![CDATA[]]></system-err>
</testsuite>
